[2025-04-23T16:47:47.091Z] [INFO] Starting server
[2025-04-23T16:47:47.091Z] [INFO] Starting server
[2025-04-23T16:47:47.092Z] [INFO] Server started
[2025-04-23T16:47:47.092Z] [INFO] Server started
[2025-04-23T23:37:02.539Z] [INFO] Starting server
[2025-04-23T23:37:02.540Z] [INFO] Server started
[2025-05-03T17:48:28.065Z] [INFO] Fetching URL:
"https://www.allabolag.se/foretag/fortnox-aktiebolag/35246/affärssystem/2K12R4ZI5YCR3"
[2025-05-03T17:48:28.709Z] [INFO] Response received, status:
200
[2025-05-03T17:48:28.749Z] [INFO] Title match:
[
  "Fortnox Aktiebolag - 556469-6291",
  "Fortnox Aktiebolag",
  "556469-6291"
]
[2025-05-03T17:48:28.750Z] [INFO] Found name:
"Fortnox Aktiebolag"
[2025-05-03T17:48:28.750Z] [INFO] Found org number:
"556469-6291"
[2025-05-03T17:48:28.750Z] [INFO] Meta description:
"Se företagsinformation om Fortnox Aktiebolag. Översikt med kontaktuppgifter, redovisning, befattningar, styrelse, ägare och händelser."
[2025-05-03T17:48:28.751Z] [INFO] Found location:
"AdressBOLLGATAN 3 B, 35246 35246"
[2025-05-03T17:48:28.751Z] [INFO] Found phone:
"0470-78 50 00"
[2025-05-03T17:48:28.752Z] [INFO] Found revenue:
[2025-05-03T17:48:28.752Z] [INFO] Found employees:
[2025-05-03T17:48:28.752Z] [INFO] Found industries:
[]
[2025-05-03T17:48:28.752Z] [INFO] Found description:
[2025-05-03T17:48:28.752Z] [INFO] Final result:
{
  "name": "Fortnox Aktiebolag",
  "orgNumber": "556469-6291",
  "location": "AdressBOLLGATAN 3 B, 35246 35246",
  "status": "Active",
  "phone": "0470-78 50 00"
}
[2025-05-03T18:24:28.911Z] [INFO] Fetching URL:
"https://www.allabolag.se/foretag/fortnox-aktiebolag/35246/affärssystem/2K12R4ZI5YCR3"
[2025-05-03T18:24:29.152Z] [INFO] Response received, status:
200
[2025-05-03T18:24:29.191Z] [INFO] Title match:
[
  "Fortnox Aktiebolag - 556469-6291",
  "Fortnox Aktiebolag",
  "556469-6291"
]
[2025-05-03T18:24:29.191Z] [INFO] Found name:
"Fortnox Aktiebolag"
[2025-05-03T18:24:29.191Z] [INFO] Found org number:
"556469-6291"
[2025-05-03T18:24:29.191Z] [INFO] Meta description:
"Se företagsinformation om Fortnox Aktiebolag. Översikt med kontaktuppgifter, redovisning, befattningar, styrelse, ägare och händelser."
[2025-05-03T18:24:29.192Z] [INFO] Found location:
"AdressBOLLGATAN 3 B, 35246 35246"
[2025-05-03T18:24:29.192Z] [INFO] Found phone:
"0470-78 50 00"
[2025-05-03T18:24:29.193Z] [INFO] Found revenue:
[2025-05-03T18:24:29.193Z] [INFO] Found employees:
[2025-05-03T18:24:29.193Z] [INFO] Found industries:
[]
[2025-05-03T18:24:29.193Z] [INFO] Found description:
[2025-05-03T18:24:29.193Z] [INFO] Final result:
{
  "name": "Fortnox Aktiebolag",
  "orgNumber": "556469-6291",
  "location": "AdressBOLLGATAN 3 B, 35246 35246",
  "status": "Active",
  "phone": "0470-78 50 00"
}
[2025-05-04T12:08:23.174Z] [INFO] Fetching URL:
"https://www.allabolag.se/foretag/fortnox-aktiebolag/35246/affärssystem/2K12R4ZI5YCR3"
[2025-05-04T12:08:23.425Z] [INFO] Response received, status:
200
[2025-05-04T12:08:23.465Z] [INFO] Title match:
[
  "Fortnox Aktiebolag - 556469-6291",
  "Fortnox Aktiebolag",
  "556469-6291"
]
[2025-05-04T12:08:23.465Z] [INFO] Found name:
"Fortnox Aktiebolag"
[2025-05-04T12:08:23.465Z] [INFO] Found org number:
"556469-6291"
[2025-05-04T12:08:23.465Z] [INFO] Meta description:
"Se företagsinformation om Fortnox Aktiebolag. Översikt med kontaktuppgifter, redovisning, befattningar, styrelse, ägare och händelser."
[2025-05-04T12:08:23.466Z] [INFO] Found location:
"AdressBOLLGATAN 3 B, 35246 35246"
[2025-05-04T12:08:23.466Z] [INFO] Found phone:
"0470-78 50 00"
[2025-05-04T12:08:23.467Z] [INFO] Found revenue:
[2025-05-04T12:08:23.467Z] [INFO] Found employees:
[2025-05-04T12:08:23.467Z] [INFO] Found industries:
[]
[2025-05-04T12:08:23.467Z] [INFO] Found description:
[2025-05-04T12:08:23.467Z] [INFO] Final result:
{
  "name": "Fortnox Aktiebolag",
  "orgNumber": "556469-6291",
  "location": "AdressBOLLGATAN 3 B, 35246 35246",
  "status": "Active",
  "phone": "0470-78 50 00"
}
